"../../../Engine/Content/ArtTools/RenderToTexture/Enums/RenderToTexture_Enum.uasset" 0
"../../../Engine/Content/ArtTools/RenderToTexture/Enums/RenderToTexture_Flipbook_Enum.uasset" 1
"../../../Engine/Content/ArtTools/RenderToTexture/Enums/RenderToTexture_Imposter_Enum.uasset" 2
"../../../Engine/Content/EditorBlueprintResources/StandardMacros.uasset" 3
"../../../Engine/Content/ArtTools/RenderToTexture/Enums/EIntTypes.uasset" 4
"../../../Engine/Content/ArtTools/RenderToTexture/Macros/RenderToTextureFunctionLibrary.uasset" 5
"../../../Engine/Content/ArtTools/RenderToTexture/Enums/EFloatTypes.uasset" 6
"../../../Engine/Content/ArtTools/RenderToTexture/Macros/RenderToTextureMacros.uasset" 7
"../../../Engine/Content/Functions/Engine_MaterialFunctions01/Opacity/CameraDepthFade.uasset" 8
"../../../Engine/Content/EngineMaterials/T_Default_Material_Grid_M.uasset" 9
"../../../Engine/Content/EngineMaterials/T_Default_Material_Grid_N.uasset" 10
"../../../Engine/Content/EngineMaterials/WorldGridMaterial.uasset" 11
"../../../Engine/Content/ArtTools/RenderToTexture/Meshes/S_1_Unit_Plane.uasset" 12
"../../../Engine/Content/EngineMaterials/DefaultMaterial.uasset" 13
"../../../Engine/Content/BasicShapes/Cone.uasset" 14
"../../../Engine/Content/BasicShapes/Cylinder.uasset" 15
"../../../Engine/Content/BasicShapes/Plane.uasset" 16
"../../../Engine/Content/EngineMaterials/DefaultPhysicalMaterial.uasset" 17
"../../../Engine/Content/BufferVisualization/AmbientOcclusion.uasset" 18
"../../../Engine/Content/BufferVisualization/BaseColor.uasset" 19
"../../../Engine/Content/BufferVisualization/CustomDepth.uasset" 20
"../../../Engine/Content/Functions/Engine_MaterialFunctions02/Utility/VectorLength.uasset" 21
"../../../Engine/Content/BufferVisualization/CustomDepthWorldUnits.uasset" 22
"../../../Engine/Content/Functions/Engine_MaterialFunctions02/Utility/BreakOutFloat2Components.uasset" 23
"../../../Engine/Content/Functions/Engine_MaterialFunctions01/Texturing/ScaleUVsByCenter.uasset" 24
"../../../Engine/Content/Functions/Engine_MaterialFunctions02/ScreenResolution.uasset" 25
"../../../Engine/Content/Functions/Engine_MaterialFunctions02/Texturing/ScreenAlignedUVs.uasset" 26
"../../../Engine/Content/Functions/Engine_MaterialFunctions02/Utility/MakeFloat2.uasset" 27
"../../../Engine/Content/Functions/Engine_MaterialFunctions02/Utility/MakeFloat3.uasset" 28
"../../../Engine/Content/EngineMaterials/MiniFont.uasset" 29
"../../../Engine/Content/BufferVisualization/CustomStencil.uasset" 30
"../../../Engine/Content/BufferVisualization/FinalImage.uasset" 31
"../../../Engine/Content/BufferVisualization/LightingModel.uasset" 32
"../../../Engine/Content/BufferVisualization/MaterialAO.uasset" 33
"../../../Engine/Content/BufferVisualization/Metallic.uasset" 34
"../../../Engine/Content/BufferVisualization/Opacity.uasset" 35
"../../../Engine/Content/BufferVisualization/PostTonemapHDRColor.uasset" 36
"../../../Engine/Content/BufferVisualization/PreTonemapHDRColor.uasset" 37
"../../../Engine/Content/BufferVisualization/Roughness.uasset" 38
"../../../Engine/Content/BufferVisualization/SceneColor.uasset" 39
"../../../Engine/Content/BufferVisualization/SceneDepth.uasset" 40
"../../../Engine/Content/BufferVisualization/SceneDepthWorldUnits.uasset" 41
"../../../Engine/Content/BufferVisualization/SeparateTranslucencyA.uasset" 42
"../../../Engine/Content/BufferVisualization/SeparateTranslucencyRGB.uasset" 43
"../../../Engine/Content/BufferVisualization/Specular.uasset" 44
"../../../Engine/Content/BufferVisualization/SubsurfaceColor.uasset" 45
"../../../Engine/Content/BufferVisualization/WorldNormal.uasset" 46
"../../../Engine/Content/EditorBlueprintResources/ActorMacros.uasset" 47
"../../../Engine/Content/EditorLandscapeResources/DataLayer.uasset" 48
"../../../Engine/Content/EditorLandscapeResources/DefaultAlphaTexture.uasset" 49
"../../../Engine/Content/EditorLandscapeResources/LandscapeGizmoHeight_Mat.uasset" 50
"../../../Engine/Content/EditorLandscapeResources/LandscapeGizmo_Mat.uasset" 51
"../../../Engine/Content/EditorLandscapeResources/LandscapeGizmo_Mat_Copied.uasset" 52
"../../../Engine/Content/EditorLandscapeResources/SplineEditorMeshMat.uasset" 53
"../../../Engine/Content/EditorLandscapeResources/SplineEditorMesh.uasset" 54
"../../../Engine/Content/EditorMaterials/Cross.uasset" 55
"../../../Engine/Content/EditorMaterials/Cross_Mat.uasset" 56
"../../../Engine/Content/EditorMaterials/GizmoMaterial.uasset" 57
"../../../Engine/Content/Functions/Engine_MaterialFunctions02/ExampleContent/Textures/flipbook.uasset" 58
"../../../Engine/Content/Functions/Engine_MaterialFunctions02/Texturing/FlipBook.uasset" 59
"../../../Engine/Content/Functions/Engine_MaterialFunctions02/Utility/Sign.uasset" 60
"../../../Engine/Content/Functions/Engine_MaterialFunctions02/Utility/Round.uasset" 61
"../../../Engine/Content/EditorResources/T_EditorHelp.uasset" 62
"../../../Engine/Content/EditorMaterials/HelpActorMaterial.uasset" 63
"../../../Engine/Content/EditorMaterials/CompositeARGBLayer.uasset" 64
"../../../Engine/Content/EditorMaterials/TilingAALineIntegral.uasset" 65
"../../../Engine/Content/EditorMaterials/TilingAALineBoxFiltered.uasset" 66
"../../../Engine/Content/Functions/Engine_MaterialFunctions03/Procedurals/ComputeFilterWidth.uasset" 67
"../../../Engine/Content/EditorMaterials/TilingAADots.uasset" 68
"../../../Engine/Content/EngineMaterials/BlendFunc_DefBase.uasset" 69
"../../../Engine/Content/EngineMaterials/BlendFunc_DefBlend.uasset" 70
"../../../Engine/Content/Functions/Engine_MaterialFunctions03/Blends/Blend_Screen.uasset" 71
"../../../Engine/Content/EditorMaterials/TilingAAGrid.uasset" 72
"../../../Engine/Content/EditorMaterials/LevelGridMaterial.uasset" 73
"../../../Engine/Content/EditorMaterials/MakeCompositeARGBLayer.uasset" 74
"../../../Engine/Content/EditorResources/LevelGrid1DStripes.uasset" 75
"../../../Engine/Content/EditorMaterials/TextureGridCascaded1D.uasset" 76
"../../../Engine/Content/EditorMaterials/TextureGridCascaded2D.uasset" 77
"../../../Engine/Content/EditorMaterials/LevelGridMaterial2.uasset" 78
"../../../Engine/Content/EditorMaterials/MAT_Groups_Toggle.uasset" 79
"../../../Engine/Content/EditorMaterials/MAT_Groups_Visibility.uasset" 80
"../../../Engine/Content/EditorMaterials/AntialiasedGridFloor.uasset" 81
"../../../Engine/Content/EditorResources/TilePatine_D.uasset" 82
"../../../Engine/Content/EditorResources/TilePatine_N.uasset" 83
"../../../Engine/Content/EngineMaterials/Grid.uasset" 84
"../../../Engine/Content/EditorMaterials/PersonaFloorMat.uasset" 85
"../../../Engine/Content/EditorMaterials/PhAT_BoneSelectedMaterial.uasset" 86
"../../../Engine/Content/EditorMaterials/PhAT_ElemSelectedMaterial.uasset" 87
"../../../Engine/Content/EditorMaterials/PhAT_NoCollisionMaterial.uasset" 88
"../../../Engine/Content/EditorMaterials/PhAT_UnselectedMaterial.uasset" 89
"../../../Engine/Content/EditorMaterials/PreviewShadowIndicator.uasset" 90
"../../../Engine/Content/EditorMaterials/PreviewShadowIndicatorMaterial.uasset" 91
"../../../Engine/Content/EditorMaterials/TargetIcon.uasset" 92
"../../../Engine/Content/EditorMaterials/Tick.uasset" 93
"../../../Engine/Content/EditorMaterials/Tick_Mat.uasset" 94
"../../../Engine/Content/EditorMaterials/WidgetGridVertexColorMaterial.uasset" 95
"../../../Engine/Content/EditorMaterials/WidgetGridVertexColorMaterial_Ma.uasset" 96
"../../../Engine/Content/EditorMaterials/WidgetMaterial.uasset" 97
"../../../Engine/Content/EditorMaterials/WidgetMaterial_Current.uasset" 98
"../../../Engine/Content/EditorMaterials/WidgetMaterial_X.uasset" 99
"../../../Engine/Content/EditorMaterials/WidgetMaterial_Y.uasset" 100
"../../../Engine/Content/EditorMaterials/WidgetMaterial_Z.uasset" 101
"../../../Engine/Content/EditorMaterials/WidgetVertexColorMaterial.uasset" 102
"../../../Engine/Content/EditorMaterials/MatineeGroups/MAT_ColorTrack.uasset" 103
"../../../Engine/Content/EditorMaterials/MatineeGroups/MAT_Groups_Anim.uasset" 104
"../../../Engine/Content/EditorMaterials/MatineeGroups/MAT_Groups_AudioMaster.uasset" 105
"../../../Engine/Content/EditorMaterials/MatineeGroups/MAT_Groups_Director.uasset" 106
"../../../Engine/Content/EditorMaterials/MatineeGroups/MAT_Groups_Event.uasset" 107
"../../../Engine/Content/EditorMaterials/MatineeGroups/MAT_Groups_Fade.uasset" 108
"../../../Engine/Content/EditorMaterials/MatineeGroups/MAT_Groups_Float.uasset" 109
"../../../Engine/Content/EditorMaterials/MatineeGroups/MAT_Groups_Move.uasset" 110
"../../../Engine/Content/EditorMaterials/MatineeGroups/MAT_Groups_Slomo.uasset" 111
"../../../Engine/Content/EditorMaterials/MatineeGroups/MAT_Groups_Sound.uasset" 112
"../../../Engine/Content/EditorMaterials/MatineeGroups/MAT_Groups_Vector.uasset" 113
"../../../Engine/Content/EditorMaterials/ParticleSystems/PSysThumbnail_NoImage.uasset" 114
"../../../Engine/Content/EditorMaterials/ParticleSystems/PSysThumbnail_OOD.uasset" 115
"../../../Engine/Content/EditorMaterials/Thumbnails/FloorPlaneMaterial.uasset" 116
"../../../Engine/Content/EditorMeshes/EditorCube.uasset" 117
"../../../Engine/Content/EditorMeshes/EditorCylinder.uasset" 118
"../../../Engine/Content/EditorMeshes/EditorPlane.uasset" 119
"../../../Engine/Content/EditorMaterials/Thumbnails/SkySphereMaterial.uasset" 120
"../../../Engine/Content/EditorMeshes/EditorSkySphere.uasset" 121
"../../../Engine/Content/EditorMeshes/EditorSphere.uasset" 122
"../../../Engine/Content/EditorResources/MatineeCam_D.uasset" 123
"../../../Engine/Content/EditorMaterials/MatineeCam_mat.uasset" 124
"../../../Engine/Content/EditorMeshes/MatineeCam_SM.uasset" 125
"../../../Engine/Content/Functions/Engine_MaterialFunctions01/Shading/ConvertFromDiffSpec.uasset" 126
"../../../Engine/Content/EditorMaterials/GridMaterial.uasset" 127
"../../../Engine/Content/EditorMeshes/PhAT_FloorBox.uasset" 128
"../../../Engine/Content/EditorMaterials/Camera/CineMat.uasset" 129
"../../../Engine/Content/EditorMaterials/Camera/MI_CineMat_CameraBody.uasset" 130
"../../../Engine/Content/EngineDebugMaterials/M_SimpleOpaque.uasset" 131
"../../../Engine/Content/EditorMaterials/Camera/MI_CineMat_CamViewFinder.uasset" 132
"../../../Engine/Content/EditorMeshes/Camera/SM_CineCam.uasset" 133
"../../../Engine/Content/EditorMaterials/Camera/MI_CineMat_Rig.uasset" 134
"../../../Engine/Content/EditorMeshes/Camera/SM_CraneRig_Arm.uasset" 135
"../../../Engine/Content/EditorMeshes/Camera/SM_CraneRig_Base.uasset" 136
"../../../Engine/Content/EditorMeshes/Camera/SM_CraneRig_Body.uasset" 137
"../../../Engine/Content/EditorMeshes/Camera/SM_CraneRig_Mount.uasset" 138
"../../../Engine/Content/EditorMeshes/Camera/SM_RailRig_Mount.uasset" 139
"../../../Engine/Content/EditorMeshes/Camera/SM_RailRig_Track.uasset" 140
"../../../Engine/Content/EditorResources/Bad.uasset" 141
"../../../Engine/Content/EditorResources/BSPVertex.uasset" 142
"../../../Engine/Content/EditorResources/EmptyActor.uasset" 143
"../../../Engine/Content/EditorResources/MatInstActSprite.uasset" 144
"../../../Engine/Content/EditorResources/SceneManager.uasset" 145
"../../../Engine/Content/EditorResources/SmallFont.uasset" 146
"../../../Engine/Content/EditorResources/S_Actor.uasset" 147
"../../../Engine/Content/EditorResources/S_DecalActorIcon.uasset" 148
"../../../Engine/Content/EditorResources/S_Emitter.uasset" 149
"../../../Engine/Content/EditorResources/S_ExpoHeightFog.uasset" 150
"../../../Engine/Content/EditorResources/S_FTest.uasset" 151
"../../../Engine/Content/EditorResources/S_KBSJoint.uasset" 152
"../../../Engine/Content/EditorResources/S_KHinge.uasset" 153
"../../../Engine/Content/EditorResources/S_KPrismatic.uasset" 154
"../../../Engine/Content/EditorResources/S_LevelSequence.uasset" 155
"../../../Engine/Content/EditorResources/S_NavP.uasset" 156
"../../../Engine/Content/EditorResources/S_Note.uasset" 157
"../../../Engine/Content/EditorResources/S_Player.uasset" 158
"../../../Engine/Content/EditorResources/S_PortalActorIcon2.uasset" 159
"../../../Engine/Content/EditorResources/S_RadForce.uasset" 160
"../../../Engine/Content/EditorResources/S_ReflActorIcon.uasset" 161
"../../../Engine/Content/EditorResources/S_Terrain.uasset" 162
"../../../Engine/Content/EditorResources/S_TextRenderActorIcon.uasset" 163
"../../../Engine/Content/EditorResources/S_Thruster.uasset" 164
"../../../Engine/Content/EditorResources/S_Trigger.uasset" 165
"../../../Engine/Content/EditorResources/S_VectorFieldVol.uasset" 166
"../../../Engine/Content/EditorResources/S_WindDirectional.uasset" 167
"../../../Engine/Content/EditorResources/AI/S_NavLink.uasset" 168
"../../../Engine/Content/EditorResources/AudioIcons/S_AudioComponent_AutoActivate.uasset" 169
"../../../Engine/Content/EditorResources/LightIcons/SkyLight.uasset" 170
"../../../Engine/Content/EditorResources/LightIcons/S_LightDirectional.uasset" 171
"../../../Engine/Content/EditorResources/LightIcons/S_LightDirectionalMove.uasset" 172
"../../../Engine/Content/EditorResources/LightIcons/S_LightError.uasset" 173
"../../../Engine/Content/EditorResources/LightIcons/S_LightPoint.uasset" 174
"../../../Engine/Content/EditorResources/LightIcons/S_LightPointMove.uasset" 175
"../../../Engine/Content/EditorResources/LightIcons/S_LightSpot.uasset" 176
"../../../Engine/Content/EditorResources/LightIcons/S_LightSpotMove.uasset" 177
"../../../Engine/Content/EditorResources/SequenceRecorder/Countdown.uasset" 178
"../../../Engine/Content/EditorResources/SequenceRecorder/RecordingIndicator.uasset" 179
"../../../Engine/Content/EditorResources/Spline/T_Loft_Spline.uasset" 180
"../../../Engine/Content/EditorSounds/Notifications/CompileFailed.uasset" 181
"../../../Engine/Content/EditorSounds/Notifications/CompileFailed_Cue.uasset" 182
"../../../Engine/Content/EditorSounds/Notifications/CompileSuccess.uasset" 183
"../../../Engine/Content/EditorSounds/Notifications/CompileStart_Cue.uasset" 184
"../../../Engine/Content/EditorSounds/Notifications/CompileSuccess_Cue.uasset" 185
"../../../Engine/Content/EngineDamageTypes/DmgTypeBP_Environmental.uasset" 186
"../../../Engine/Content/EngineDebugMaterials/HeatmapGradient.uasset" 187
"../../../Engine/Content/EngineDebugMaterials/BoneWeightMaterial.uasset" 188
"../../../Engine/Content/EngineDebugMaterials/ClothMaterial.uasset" 189
"../../../Engine/Content/EngineDebugMaterials/ClothMaterial_WF.uasset" 190
"../../../Engine/Content/EngineDebugMaterials/DebugEditorMaterial.uasset" 191
"../../../Engine/Content/EngineDebugMaterials/DebugMeshMaterial.uasset" 192
"../../../Engine/Content/EngineDebugMaterials/GeomMaterial.uasset" 193
"../../../Engine/Content/EngineDebugMaterials/LevelColorationLitMaterial.uasset" 194
"../../../Engine/Content/EngineDebugMaterials/LevelColorationUnlitMaterial.uasset" 195
"../../../Engine/Content/EngineMaterials/DefaultWhiteGrid.uasset" 196
"../../../Engine/Content/EngineDebugMaterials/MAT_LevelColorationLitLightmapUV.uasset" 197
"../../../Engine/Content/EngineDebugMaterials/M_SimpleTranslucent.uasset" 198
"../../../Engine/Content/EngineDebugMaterials/ShadedLevelColorationLitMaterial.uasset" 199
"../../../Engine/Content/EngineDebugMaterials/ShadedLevelColorationUnlitMateri.uasset" 200
"../../../Engine/Content/EngineDebugMaterials/VertexColorMaterial.uasset" 201
"../../../Engine/Content/EngineDebugMaterials/VertexColorViewMode_AlphaAsColor.uasset" 202
"../../../Engine/Content/EngineDebugMaterials/VertexColorViewMode_BlueOnly.uasset" 203
"../../../Engine/Content/EngineDebugMaterials/VertexColorViewMode_ColorOnly.uasset" 204
"../../../Engine/Content/EngineDebugMaterials/VertexColorViewMode_GreenOnly.uasset" 205
"../../../Engine/Content/EngineDebugMaterials/VertexColorViewMode_RedOnly.uasset" 206
"../../../Engine/Content/EngineDebugMaterials/WireframeMaterial.uasset" 207
"../../../Engine/Content/EngineFonts/Faces/RobotoBold.uasset" 208
"../../../Engine/Content/EngineFonts/Faces/RobotoBoldItalic.uasset" 209
"../../../Engine/Content/EngineFonts/Faces/RobotoItalic.uasset" 210
"../../../Engine/Content/EngineFonts/Faces/RobotoLight.uasset" 211
"../../../Engine/Content/EngineFonts/Faces/RobotoRegular.uasset" 212
"../../../Engine/Content/EngineFonts/Roboto.uasset" 213
"../../../Engine/Content/EngineFonts/Faces/RobotoTiny.uasset" 214
"../../../Engine/Content/EngineFonts/RobotoTiny.uasset" 215
"../../../Engine/Content/EngineFonts/SmallFont.uasset" 216
"../../../Engine/Content/EngineFonts/TinyFont.uasset" 217
"../../../Engine/Content/EngineMaterials/BaseFlattenDiffuseMap.uasset" 218
"../../../Engine/Content/EngineMaterials/BaseFlattenEmissiveMap.uasset" 219
"../../../Engine/Content/EngineMaterials/BaseFlattenGrayscaleMap.uasset" 220
"../../../Engine/Content/EngineMaterials/BaseFlattenNormalMap.uasset" 221
"../../../Engine/Content/EngineMaterials/BaseFlattenMaterial.uasset" 222
"../../../Engine/Content/EngineResources/WhiteSquareTexture.uasset" 223
"../../../Engine/Content/EngineMaterials/BlinkingCaret.uasset" 224
"../../../Engine/Content/EngineMaterials/DefaultBloomKernel.uasset" 225
"../../../Engine/Content/EngineMaterials/DefaultBokeh.uasset" 226
"../../../Engine/Content/EngineMaterials/DefaultDiffuse.uasset" 227
"../../../Engine/Content/EngineMaterials/DefaultDeferredDecalMaterial.uasset" 228
"../../../Engine/Content/EngineMaterials/DefaultLightFunctionMaterial.uasset" 229
"../../../Engine/Content/EngineMaterials/DefaultNormal.uasset" 230
"../../../Engine/Content/EngineMaterials/DefaultPostProcessMaterial.uasset" 231
"../../../Engine/Content/EngineFonts/RobotoDistanceField.uasset" 232
"../../../Engine/Content/EngineMaterials/DefaultTextMaterialOpaque.uasset" 233
"../../../Engine/Content/EngineMaterials/EditorBrushMaterial.uasset" 234
"../../../Engine/Content/EngineMaterials/Good64x64TilingNoiseHighFreq.uasset" 235
"../../../Engine/Content/EngineMaterials/Grid_N.uasset" 236
"../../../Engine/Content/EngineMaterials/HighResolutionScreenshotMaskFunction.uasset" 237
"../../../Engine/Content/EngineMaterials/HighResScreenshot.uasset" 238
"../../../Engine/Content/EngineMaterials/HighResScreenshotCaptureRegion.uasset" 239
"../../../Engine/Content/EngineMaterials/HighResScreenshotMask.uasset" 240
"../../../Engine/Content/EngineMaterials/LandscapeHolePhysicalMaterial.uasset" 241
"../../../Engine/Content/EngineMaterials/InvalidLightmapSettings.uasset" 242
"../../../Engine/Content/EngineMaterials/M_InvalidLightmapSettings.uasset" 243
"../../../Engine/Content/EngineMaterials/PaperDiffuse.uasset" 244
"../../../Engine/Content/EngineMaterials/PaperNormal.uasset" 245
"../../../Engine/Content/Functions/Engine_MaterialFunctions02/WorldPositionOffset/CameraOffset.uasset" 246
"../../../Engine/Content/EngineMaterials/PhAT_JointLimitMaterial.uasset" 247
"../../../Engine/Content/EngineMaterials/PhysMat_Rubber.uasset" 248
"../../../Engine/Content/EngineMaterials/PreintegratedSkinBRDF.uasset" 249
"../../../Engine/Content/EngineMaterials/RemoveSurfaceMaterial.uasset" 250
"../../../Engine/Content/EngineMaterials/WeightMapPlaceholderTexture.uasset" 251
"../../../Engine/Content/EngineMaterials/Widget3DPassThrough.uasset" 252
"../../../Engine/Content/EngineMaterials/Widget3DPassThrough_Masked.uasset" 253
"../../../Engine/Content/EngineMaterials/Widget3DPassThrough_Opaque.uasset" 254
"../../../Engine/Content/EngineMaterials/Widget3DPassThrough_Masked_OneSided.uasset" 255
"../../../Engine/Content/EngineMaterials/Widget3DPassThrough_Opaque_OneSided.uasset" 256
"../../../Engine/Content/EngineMaterials/Widget3DPassThrough_Translucent.uasset" 257
"../../../Engine/Content/EngineMaterials/Widget3DPassThrough_Translucent_OneSided.uasset" 258
"../../../Engine/Content/EngineMeshes/Cylinder.uasset" 259
"../../../Engine/Content/EngineMeshes/Sphere.uasset" 260
"../../../Engine/Content/EngineResources/Black.uasset" 261
"../../../Engine/Content/EngineResources/DefaultTexture.uasset" 262
"../../../Engine/Content/EngineResources/DefaultTextureCube.uasset" 263
"../../../Engine/Content/EngineResources/DefaultVolumeTexture2D.uasset" 264
"../../../Engine/Content/EngineResources/DefaultVolumeTexture.uasset" 265
"../../../Engine/Content/EngineResources/GradientTexture0.uasset" 266
"../../../Engine/Content/EngineResources/StreamingPauseIcon.uasset" 267
"../../../Engine/Content/EngineResources/M_StreamingPause.uasset" 268
"../../../Engine/Content/EngineSounds/Master.uasset" 269
"../../../Engine/Content/Functions/Engine_MaterialFunctions01/Shading/PowerToRoughness.uasset" 270
"../../../Engine/Content/Maps/Templates/Thumbnails/Default.uasset" 271
"../../../Engine/Content/Maps/Templates/Thumbnails/VR-Basic.uasset" 272
"../../../Engine/Content/MapTemplates/Sky/DaylightAmbientCubemap.uasset" 273
"../../../Engine/Content/MobileResources/T_MobileControls_texture.uasset" 274
"../../../Engine/Content/MobileResources/T_MobileMenu2.uasset" 275
"../../../Engine/Content/MobileResources/HUD/AnalogHat.uasset" 276
"../../../Engine/Content/MobileResources/HUD/VirtualJoystick_Background.uasset" 277
"../../../Engine/Content/MobileResources/HUD/VirtualJoystick_Thumb.uasset" 278
"../../../Engine/Content/MobileResources/HUD/DefaultVirtualJoysticks.uasset" 279
"../../../Engine/Content/MobileResources/HUD/LeftVirtualJoystickOnly.uasset" 280
"../../../Engine/Content/MobileResources/HUD/MobileHUDButton1_off.uasset" 281
"../../../Engine/Content/MobileResources/HUD/MobileHUDButton1_on.uasset" 282
"../../../Engine/Content/MobileResources/HUD/MobileHUDButton2_off.uasset" 283
"../../../Engine/Content/MobileResources/HUD/MobileHUDButton2_on.uasset" 284
"../../../Engine/Content/MobileResources/HUD/MobileHUDButton3.uasset" 285
"../../../Engine/Content/MobileResources/HUD/MobileHUDButtonFire.uasset" 286
"../../../Engine/Content/MobileResources/HUD/MobileHUDDirectionPad.uasset" 287
"../../../Engine/Content/MobileResources/HUD/MobileHUDDirectionPad2.uasset" 288
"../../../Engine/Content/MobileResources/HUD/MobileHUDDirectionPad3.uasset" 289
"../../../Engine/Content/MobileResources/HUD/MobileHUDDirectionStick.uasset" 290
"../../../Engine/Content/MobileResources/HUD/T_Castle_ThumbstickInner.uasset" 291
"../../../Engine/Content/MobileResources/HUD/T_Castle_ThumbstickOutter.uasset" 292
"../../../Engine/Content/Tutorial/ContentIntroCurve.uasset" 293
"../../../Engine/Content/Tutorial/Basics/TutorialAssets/icon_tab_Levels_40x.uasset" 294
"../../../Engine/Content/Tutorial/BlueprintTutorials/TutorialAssets/Blueprint_64x.uasset" 295
"../../../Engine/Content/VREditor/LaserPointer/VR_LaserPower_01.uasset" 296
"../../../Engine/Content/VREditor/TransformGizmo/TransformGizmoMaterial.uasset" 297
"../../../Engine/Content/VREditor/TransformGizmo/TranslucentTransformGizmoMaterial.uasset" 298
"../../../Engine/Content/VREditor/TransformGizmo/BoundingBoxCorner.uasset" 299
"../../../Engine/Content/VREditor/TransformGizmo/BoundingBoxEdge.uasset" 300
"../../../Engine/Content/VREditor/TransformGizmo/PlaneTranslationHandle.uasset" 301
"../../../Engine/Content/VREditor/TransformGizmo/Main.uasset" 302
"../../../Engine/Content/VREditor/TransformGizmo/Xray.uasset" 303
"../../../Engine/Content/VREditor/TransformGizmo/SM_Sequencer_Key.uasset" 304
"../../../Engine/Content/VREditor/TransformGizmo/SM_Sequencer_Node.uasset" 305
"../../../../../../Users/rzhang89/Documents/GitHub/19T1_Conquest/Content/Game/Blueprints/BP_CSKGameInstance.uasset" 306
"../../../Engine/Content/BasicShapes/BasicShapeMaterial.uasset" 307
"../../../Engine/Content/BasicShapes/Sphere.uasset" 308
"../../../../../../Users/rzhang89/Documents/GitHub/19T1_Conquest/Content/Board/Blueprints/BP_TestingCastle.uasset" 309
"../../../../../../Users/rzhang89/Documents/GitHub/19T1_Conquest/Content/StarterContent/Textures/T_Bush_D.uasset" 310
"../../../../../../Users/rzhang89/Documents/GitHub/19T1_Conquest/Content/StarterContent/Textures/T_Bush_N.uasset" 311
"../../../../../../Users/rzhang89/Documents/GitHub/19T1_Conquest/Content/StarterContent/Props/Materials/M_Bush.uasset" 312
"../../../../../../Users/rzhang89/Documents/GitHub/19T1_Conquest/Content/StarterContent/Props/SM_Bush.uasset" 313
"../../../../../../Users/rzhang89/Documents/GitHub/19T1_Conquest/Content/Board/Towers/Blueprints/BP_TestingTower.uasset" 314
"../../../Engine/Content/EngineResources/AICON-Green.uasset" 315
"../../../../../../Users/rzhang89/Documents/GitHub/19T1_Conquest/Content/Board/Towers/Blueprints/BP_TestingTowerConstructData.uasset" 316
"../../../../../../Users/rzhang89/Documents/GitHub/19T1_Conquest/Content/UI/Blueprints/UI_ActionModeList.uasset" 317
"../../../../../../Users/rzhang89/Documents/GitHub/19T1_Conquest/Content/UI/Blueprints/UI_SpellBase.uasset" 318
"../../../../../../Users/rzhang89/Documents/GitHub/19T1_Conquest/Content/UI/Blueprints/UI_SpellCardDetails.uasset" 319
"../../../../../../Users/rzhang89/Documents/GitHub/19T1_Conquest/Content/UI/Blueprints/UI_SpellCardList.uasset" 320
"../../../../../../Users/rzhang89/Documents/GitHub/19T1_Conquest/Content/UI/Blueprints/UI_TowerDetails.uasset" 321
"../../../../../../Users/rzhang89/Documents/GitHub/19T1_Conquest/Content/UI/Blueprints/UI_TowerList.uasset" 322
"../../../../../../Users/rzhang89/Documents/GitHub/19T1_Conquest/Content/UI/Blueprints/UI_PlayingActionPhaseWidget.uasset" 323
"../../../../../../Users/rzhang89/Documents/GitHub/19T1_Conquest/Content/UI/Blueprints/UI_CollectionPhaseWidget.uasset" 324
"../../../../../../Users/rzhang89/Documents/GitHub/19T1_Conquest/Content/UI/Blueprints/UI_EndRoundPhaseWidget.uasset" 325
"../../../../../../Users/rzhang89/Documents/GitHub/19T1_Conquest/Content/UI/Blueprints/UI_PlayerResourceList.uasset" 326
"../../../../../../Users/rzhang89/Documents/GitHub/19T1_Conquest/Content/UI/Blueprints/UI_WaitingActionPhaseWidget.uasset" 327
"../../../../../../Users/rzhang89/Documents/GitHub/19T1_Conquest/Content/UI/Blueprints/UI_CSKHUDWidget.uasset" 328
"../../../../../../Users/rzhang89/Documents/GitHub/19T1_Conquest/Content/UI/Blueprints/UI_PostMatchDetails.uasset" 329
"../../../../../../Users/rzhang89/Documents/GitHub/19T1_Conquest/Content/UI/Blueprints/UI_PostMatchScreen.uasset" 330
"../../../../../../Users/rzhang89/Documents/GitHub/19T1_Conquest/Content/Game/Blueprints/BP_CSKHUD.uasset" 331
"../../../../../../Users/rzhang89/Documents/GitHub/19T1_Conquest/Content/Game/Blueprints/BP_CSKPawn.uasset" 332
"../../../../../../Users/rzhang89/Documents/GitHub/19T1_Conquest/Content/StarterContent/Textures/T_Burst_M.uasset" 333
"../../../../../../Users/rzhang89/Documents/GitHub/19T1_Conquest/Content/StarterContent/Particles/Materials/M_Burst.uasset" 334
"../../../../../../Users/rzhang89/Documents/GitHub/19T1_Conquest/Content/StarterContent/Textures/T_Explosion_SubUV.uasset" 335
"../../../../../../Users/rzhang89/Documents/GitHub/19T1_Conquest/Content/StarterContent/Particles/Materials/M_explosion_subUV.uasset" 336
"../../../../../../Users/rzhang89/Documents/GitHub/19T1_Conquest/Content/StarterContent/Particles/Materials/m_flare_01.uasset" 337
"../../../Engine/Content/Functions/Engine_MaterialFunctions01/Gradient/RadialGradient.uasset" 338
"../../../../../../Users/rzhang89/Documents/GitHub/19T1_Conquest/Content/StarterContent/Particles/Materials/M_radial_ramp.uasset" 339
"../../../../../../Users/rzhang89/Documents/GitHub/19T1_Conquest/Content/StarterContent/Textures/T_Smoke_SubUV.uasset" 340
"../../../../../../Users/rzhang89/Documents/GitHub/19T1_Conquest/Content/StarterContent/Textures/T_Smoke_Tiled_D.uasset" 341
"../../../../../../Users/rzhang89/Documents/GitHub/19T1_Conquest/Content/StarterContent/Particles/Materials/M_smoke_subUV.uasset" 342
"../../../../../../Users/rzhang89/Documents/GitHub/19T1_Conquest/Content/StarterContent/Particles/P_Explosion.uasset" 343
"../../../../../../Users/rzhang89/Documents/GitHub/19T1_Conquest/Content/Game/Spells/Blueprints/BP_TestSpellActor_Sp1.uasset" 344
"../../../../../../Users/rzhang89/Documents/GitHub/19T1_Conquest/Content/Game/Spells/Blueprints/BP_TestSpell_Sp1.uasset" 345
"../../../../../../Users/rzhang89/Documents/GitHub/19T1_Conquest/Content/Game/Spells/Blueprints/BP_TestSpellActor_Sp2.uasset" 346
"../../../../../../Users/rzhang89/Documents/GitHub/19T1_Conquest/Content/Game/Spells/Blueprints/BP_TestSpell_Sp2.uasset" 347
"../../../../../../Users/rzhang89/Documents/GitHub/19T1_Conquest/Content/Game/Spells/Blueprints/BP_TestSpellCard.uasset" 348
"../../../../../../Users/rzhang89/Documents/GitHub/19T1_Conquest/Content/Game/Blueprints/BP_CSKPlayerController.uasset" 349
"../../../../../../Users/rzhang89/Documents/GitHub/19T1_Conquest/Content/Game/Blueprints/BP_CSKPlayerState.uasset" 350
"../../../../../../Users/rzhang89/Documents/GitHub/19T1_Conquest/Content/Game/Blueprints/BP_CSKGameMode.uasset" 351
"../../../../../../Users/rzhang89/Documents/GitHub/19T1_Conquest/Content/GoodSky/Source/Data/Enum/Enum_GoodSky_Clouds_Coverage.uasset" 352
"../../../../../../Users/rzhang89/Documents/GitHub/19T1_Conquest/Content/GoodSky/Source/Data/Enum/Enum_GoodSky_Effects.uasset" 353
"../../../../../../Users/rzhang89/Documents/GitHub/19T1_Conquest/Content/GoodSky/Source/Data/Enum/Enum_GoodSky_MeshType.uasset" 354
"../../../../../../Users/rzhang89/Documents/GitHub/19T1_Conquest/Content/GoodSky/Source/Data/Enum/Enum_GoodSky_Preset.uasset" 355
"../../../../../../Users/rzhang89/Documents/GitHub/19T1_Conquest/Content/GoodSky/Source/Data/Enum/Enum_GoodSky_Style_Clouds.uasset" 356
"../../../../../../Users/rzhang89/Documents/GitHub/19T1_Conquest/Content/StarterContent/Audio/Starter_Birds01.uasset" 357
"../../../../../../Users/rzhang89/Documents/GitHub/19T1_Conquest/Content/StarterContent/Audio/Starter_Wind05.uasset" 358
"../../../../../../Users/rzhang89/Documents/GitHub/19T1_Conquest/Content/StarterContent/Audio/Starter_Wind06.uasset" 359
"../../Plugins/2D/Paper2D/Content/PlaceholderTextures/DummySpriteTexture.uasset" 360
"../../Plugins/2D/Paper2D/Content/DummySprite.uasset" 361
"../../Plugins/2D/Paper2D/Content/DefaultPaperTerrainMaterial.uasset" 362
"../../Plugins/2D/Paper2D/Content/DefaultSpriteMaterial.uasset" 363
"../../Plugins/2D/Paper2D/Content/MaskedUnlitSpriteMaterial.uasset" 364
"../../Plugins/2D/Paper2D/Content/OpaqueUnlitSpriteMaterial.uasset" 365
"../../Plugins/Enterprise/DatasmithContent/Content/Blueprints/FBXImporter/ArrayOfActor.uasset" 366
"../../Plugins/Enterprise/DatasmithContent/Content/Blueprints/FBXImporter/ArrayOfSwitch.uasset" 367
"../../Plugins/Enterprise/DatasmithContent/Content/Blueprints/FBXImporter/BP_SceneNode.uasset" 368
"../../Plugins/Enterprise/DatasmithContent/Content/Blueprints/FBXImporter/BP_Switch.uasset" 369
"../../Plugins/Enterprise/DatasmithContent/Content/Blueprints/FBXImporter/BP_SceneRoot.uasset" 370
"../../Plugins/Enterprise/DatasmithContent/Content/Blueprints/FBXImporter/FBXImporterUtils.uasset" 371
"../../Plugins/Enterprise/DatasmithContent/Content/Blueprints/FBXImporter/Animation/DeltaGenAnimationTrackType.uasset" 372
"../../Plugins/Enterprise/DatasmithContent/Content/Blueprints/FBXImporter/Animation/VREDAnimationTrackComponent.uasset" 373
"../../Plugins/Enterprise/DatasmithContent/Content/Blueprints/FBXImporter/Animation/VREDAnimationTrackType.uasset" 374
"../../Plugins/Enterprise/DatasmithContent/Content/Blueprints/FBXImporter/Animation/VREDAnimCurveComponent.uasset" 375
"../../Plugins/Enterprise/DatasmithContent/Content/Blueprints/FBXImporter/Animation/VREDAnimCurveType.uasset" 376
"../../Plugins/Enterprise/DatasmithContent/Content/Blueprints/FBXImporter/Variants/VariantSwitchType.uasset" 377
"../../Plugins/Enterprise/DatasmithContent/Content/Blueprints/FBXImporter/Variants/VREDVariantSwitchType.uasset" 378
"../../Plugins/Enterprise/DatasmithContent/Content/Blueprints/FBXImporter/Variants/VREDVariantType.uasset" 379
"../../Plugins/Runtime/Oculus/OculusVR/Content/Materials/PokeAHoleMaterial.uasset" 380
"../../Plugins/Runtime/Oculus/OculusVR/Content/Textures/GearVRController_AO.uasset" 381
"../../Plugins/Runtime/Oculus/OculusVR/Content/Textures/GearVRController_Color.uasset" 382
"../../Plugins/Runtime/Oculus/OculusVR/Content/Textures/GearVRController_Normal.uasset" 383
"../../Plugins/Runtime/Oculus/OculusVR/Content/Materials/GearVRControllerMaterial.uasset" 384
"../../Plugins/Runtime/Oculus/OculusVR/Content/Meshes/GearVrController.uasset" 385
"../../Plugins/Runtime/Oculus/OculusVR/Content/Textures/touchController_albedo.uasset" 386
"../../Plugins/Runtime/Oculus/OculusVR/Content/Textures/touchController_controlmap.uasset" 387
"../../Plugins/Runtime/Oculus/OculusVR/Content/Materials/touchController_mat.uasset" 388
"../../Plugins/Runtime/Oculus/OculusVR/Content/Meshes/LeftTouchController.uasset" 389
"../../Plugins/Runtime/Oculus/OculusVR/Content/Meshes/RiftHMD.uasset" 390
"../../Plugins/Runtime/Oculus/OculusVR/Content/Meshes/RightTouchController.uasset" 391
"../../../Engine/Content/Maps/Entry_BuiltData.uasset" 392
"../../../Engine/Content/Maps/Entry.umap" 393
"../../../Engine/Content/EngineSky/C_Sky_Cloud_Color.uasset" 394
"../../../Engine/Content/EngineSky/C_Sky_Horizon_Color.uasset" 395
"../../../Engine/Content/EngineSky/C_Sky_Zenith_Color.uasset" 396
"../../../Engine/Content/EngineSky/T_Sky_Blue.uasset" 397
"../../../Engine/Content/EngineSky/T_Sky_Clouds_M.uasset" 398
"../../../Engine/Content/EngineSky/T_Sky_Stars.uasset" 399
"../../../Engine/Content/EngineSky/M_Sky_Panning_Clouds2.uasset" 400
"../../../Engine/Content/EngineSky/SM_SkySphere.uasset" 401
"../../../Engine/Content/EngineSky/BP_Sky_Sphere.uasset" 402
"../../../Engine/Content/BasicShapes/Cube.uasset" 403
"../../../../../../Users/rzhang89/Documents/GitHub/19T1_Conquest/Content/Board/Blueprints/BP_TestingTile.uasset" 404
"../../../../../../Users/rzhang89/Documents/GitHub/19T1_Conquest/Content/LucTestingLevel/Luc_TestingMap_BuiltData.uasset" 405
"../../../Engine/Content/Functions/Engine_MaterialFunctions02/Utility/BlendAngleCorrectedNormals.uasset" 406
"../../../Engine/Content/Functions/Engine_MaterialFunctions03/Blends/Blend_ColorBurn.uasset" 407
"../../../../../../Users/rzhang89/Documents/GitHub/19T1_Conquest/Content/PhotoR_Backgrounds/Textures/grass_fall_a_d.uasset" 408
"../../../../../../Users/rzhang89/Documents/GitHub/19T1_Conquest/Content/PhotoR_Backgrounds/Textures/grass_fall_a_n.uasset" 409
"../../../../../../Users/rzhang89/Documents/GitHub/19T1_Conquest/Content/PhotoR_Backgrounds/Textures/pr_background_mountain_e_N.uasset" 410
"../../../../../../Users/rzhang89/Documents/GitHub/19T1_Conquest/Content/PhotoR_Backgrounds/Textures/pr_background_mountain_e_SPLAT.uasset" 411
"../../../../../../Users/rzhang89/Documents/GitHub/19T1_Conquest/Content/PhotoR_Backgrounds/Textures/SM_grass_c_d.uasset" 412
"../../../../../../Users/rzhang89/Documents/GitHub/19T1_Conquest/Content/PhotoR_Backgrounds/Textures/SM_grass_c_n.uasset" 413
"../../../../../../Users/rzhang89/Documents/GitHub/19T1_Conquest/Content/PhotoR_Backgrounds/Textures/SM_ground_gravel_b_d.uasset" 414
"../../../../../../Users/rzhang89/Documents/GitHub/19T1_Conquest/Content/PhotoR_Backgrounds/Textures/SM_ground_gravel_b_n.uasset" 415
"../../../../../../Users/rzhang89/Documents/GitHub/19T1_Conquest/Content/PhotoR_Backgrounds/Textures/SM_sand_pebbles_a_d.uasset" 416
"../../../../../../Users/rzhang89/Documents/GitHub/19T1_Conquest/Content/PhotoR_Backgrounds/Textures/SM_sand_pebbles_a_n.uasset" 417
"../../../../../../Users/rzhang89/Documents/GitHub/19T1_Conquest/Content/PhotoR_Backgrounds/Materials/Mountain_Summer/pr_background_mountain_e_M_summer.uasset" 418
"../../../Engine/Content/MapTemplates/SM_Template_Map_Floor.uasset" 419
"../../../Engine/Content/Functions/Engine_MaterialFunctions01/Texturing/ComputeMipLevel.uasset" 420
"../../../Engine/Content/Functions/Engine_MaterialFunctions01/Texturing/TextureCropping.uasset" 421
"../../../Engine/Content/Functions/Engine_MaterialFunctions02/ExampleContent/Gradient.uasset" 422
"../../../Engine/Content/Functions/Engine_MaterialFunctions02/ExampleContent/Greyscale.uasset" 423
"../../../Engine/Content/Functions/Engine_MaterialFunctions02/Gradients/GradientMap_Multi.uasset" 424
"../../../Engine/Content/Functions/Engine_MaterialFunctions02/Math/TimeWithSpeedVariable.uasset" 425
"../../../Engine/Content/Functions/Engine_MaterialFunctions02/PassThrough.uasset" 426
"../../../Engine/Content/Functions/Engine_MaterialFunctions02/SafeNormalize.uasset" 427
"../../../Engine/Content/Functions/Engine_MaterialFunctions02/Utility/BreakOutFloat3Components.uasset" 428
"../../../Engine/Content/Functions/Engine_MaterialFunctions02/ExampleContent/DebugNumberStrip.uasset" 429
"../../../Engine/Content/Functions/Engine_MaterialFunctions02/ExampleContent/Textures/DebugNumberPeriod.uasset" 430
"../../../Engine/Content/Functions/Engine_MaterialFunctions02/Utility/DebugScalarValues.uasset" 431
"../../../Engine/Content/Functions/Engine_MaterialFunctions02/Utility/DebugFloat3Values.uasset" 432
"../../../Engine/Content/Functions/Engine_MaterialFunctions02/Utility/BreakOutFloat4Components.uasset" 433
"../../../Engine/Content/Functions/Engine_MaterialFunctions02/Utility/DebugFloat4Values.uasset" 434
"../../../Engine/Content/Functions/Engine_MaterialFunctions02/Normals/UnpackNormalFromFloat.uasset" 435
"../../../Engine/Content/Functions/Engine_MaterialFunctions02/ExampleContent/TextureBasedWPO/DemoBox.uasset" 436
"../../../Engine/Content/Functions/Engine_MaterialFunctions02/ExampleContent/TextureBasedWPO/DemoBox_Normals.uasset" 437
"../../../Engine/Content/Functions/Engine_MaterialFunctions02/MAXScripts/MS_VertexAnimationTools_MorphTargets.uasset" 438
"../../../../../../Users/rzhang89/Documents/GitHub/19T1_Conquest/Content/WaterMaterials/Materials/MPC_Globals.uasset" 439
"../../../../../../Users/rzhang89/Documents/GitHub/19T1_Conquest/Content/WaterMaterials/Textures/T_SpecularHighlights.uasset" 440
"../../../../../../Users/rzhang89/Documents/GitHub/19T1_Conquest/Content/WaterMaterials/Materials/MF_FakeSpecular.uasset" 441
"../../../../../../Users/rzhang89/Documents/GitHub/19T1_Conquest/Content/WaterMaterials/Materials/MF_FixedDepth.uasset" 442
"../../../../../../Users/rzhang89/Documents/GitHub/19T1_Conquest/Content/WaterMaterials/Materials/MF_OceanWavesWPO.uasset" 443
"../../../../../../Users/rzhang89/Documents/GitHub/19T1_Conquest/Content/WaterMaterials/Materials/MF_OceanDepth_UVs.uasset" 444
"../../../../../../Users/rzhang89/Documents/GitHub/19T1_Conquest/Content/WaterMaterials/Materials/MF_Foam_Motion.uasset" 445
"../../../../../../Users/rzhang89/Documents/GitHub/19T1_Conquest/Content/WaterMaterials/Materials/MF_OceanWave_Motion.uasset" 446
"../../../../../../Users/rzhang89/Documents/GitHub/19T1_Conquest/Content/WaterMaterials/Textures/T_Cubemap.uasset" 447
"../../../../../../Users/rzhang89/Documents/GitHub/19T1_Conquest/Content/WaterMaterials/Textures/T_Noise_Stormy.uasset" 448
"../../../../../../Users/rzhang89/Documents/GitHub/19T1_Conquest/Content/WaterMaterials/Textures/T_Noises.uasset" 449
"../../../../../../Users/rzhang89/Documents/GitHub/19T1_Conquest/Content/WaterMaterials/Textures/T_Ocean_EdgeFoam.uasset" 450
"../../../../../../Users/rzhang89/Documents/GitHub/19T1_Conquest/Content/WaterMaterials/Textures/T_Ocean_Foam.uasset" 451
"../../../../../../Users/rzhang89/Documents/GitHub/19T1_Conquest/Content/WaterMaterials/Textures/T_Ocean_Waves01.uasset" 452
"../../../../../../Users/rzhang89/Documents/GitHub/19T1_Conquest/Content/WaterMaterials/Textures/T_Ocean_Waves01_Normals.uasset" 453
"../../../../../../Users/rzhang89/Documents/GitHub/19T1_Conquest/Content/WaterMaterials/Textures/T_Ocean_Waves02.uasset" 454
"../../../../../../Users/rzhang89/Documents/GitHub/19T1_Conquest/Content/WaterMaterials/Textures/T_Ocean_Waves02_Normals.uasset" 455
"../../../../../../Users/rzhang89/Documents/GitHub/19T1_Conquest/Content/WaterMaterials/Textures/T_Ocean_Waves_Shore.uasset" 456
"../../../../../../Users/rzhang89/Documents/GitHub/19T1_Conquest/Content/WaterMaterials/Textures/T_Ocean_Waves_Shore_Normals.uasset" 457
"../../../../../../Users/rzhang89/Documents/GitHub/19T1_Conquest/Content/WaterMaterials/Textures/T_Water_Normal.uasset" 458
"../../../../../../Users/rzhang89/Documents/GitHub/19T1_Conquest/Content/WaterMaterials/Textures/T_Water_Normal_Large.uasset" 459
"../../../../../../Users/rzhang89/Documents/GitHub/19T1_Conquest/Content/WaterMaterials/Materials/M_Ocean.uasset" 460
"../../../../../../Users/rzhang89/Documents/GitHub/19T1_Conquest/Content/WaterMaterials/Meshes/SM_Water_Plane.uasset" 461
"../../../../../../Users/rzhang89/Documents/GitHub/19T1_Conquest/Content/LucTestingLevel/Luc_TestingMap.umap" 462
"../../../../../../Users/rzhang89/Documents/GitHub/19T1_Conquest/Content/StarterContent/Maps/Minimal_Default_BuiltData.uasset" 463
"../../../../../../Users/rzhang89/Documents/GitHub/19T1_Conquest/Content/StarterContent/Textures/T_MacroVariation.uasset" 464
"../../../../../../Users/rzhang89/Documents/GitHub/19T1_Conquest/Content/StarterContent/Materials/M_Metal_Brushed_Nickel.uasset" 465
"../../../../../../Users/rzhang89/Documents/GitHub/19T1_Conquest/Content/StarterContent/Textures/T_Metal_Aluminum_D.uasset" 466
"../../../../../../Users/rzhang89/Documents/GitHub/19T1_Conquest/Content/StarterContent/Textures/T_Metal_Gold_N.uasset" 467
"../../../../../../Users/rzhang89/Documents/GitHub/19T1_Conquest/Content/StarterContent/Materials/M_Metal_Burnished_Steel.uasset" 468
"../../../../../../Users/rzhang89/Documents/GitHub/19T1_Conquest/Content/StarterContent/Textures/T_Metal_Copper_D.uasset" 469
"../../../../../../Users/rzhang89/Documents/GitHub/19T1_Conquest/Content/StarterContent/Materials/M_Metal_Copper.uasset" 470
"../../../../../../Users/rzhang89/Documents/GitHub/19T1_Conquest/Content/StarterContent/Textures/T_Chair_M.uasset" 471
"../../../../../../Users/rzhang89/Documents/GitHub/19T1_Conquest/Content/StarterContent/Textures/T_Chair_N.uasset" 472
"../../../../../../Users/rzhang89/Documents/GitHub/19T1_Conquest/Content/StarterContent/Props/Materials/M_Chair.uasset" 473
"../../../../../../Users/rzhang89/Documents/GitHub/19T1_Conquest/Content/StarterContent/Textures/T_Statue_M.uasset" 474
"../../../../../../Users/rzhang89/Documents/GitHub/19T1_Conquest/Content/StarterContent/Textures/T_Statue_N.uasset" 475
"../../../../../../Users/rzhang89/Documents/GitHub/19T1_Conquest/Content/StarterContent/Props/Materials/M_StatueGlass.uasset" 476
"../../../../../../Users/rzhang89/Documents/GitHub/19T1_Conquest/Content/StarterContent/Materials/M_Basic_Floor.uasset" 477
"../../../../../../Users/rzhang89/Documents/GitHub/19T1_Conquest/Content/StarterContent/Architecture/Floor_400x400.uasset" 478
"../../../../../../Users/rzhang89/Documents/GitHub/19T1_Conquest/Content/StarterContent/Audio/Starter_Background_Cue.uasset" 479
"../../../../../../Users/rzhang89/Documents/GitHub/19T1_Conquest/Content/StarterContent/Props/SM_Chair.uasset" 480
"../../../../../../Users/rzhang89/Documents/GitHub/19T1_Conquest/Content/StarterContent/Props/Materials/M_Statue.uasset" 481
"../../../../../../Users/rzhang89/Documents/GitHub/19T1_Conquest/Content/StarterContent/Props/SM_Statue.uasset" 482
"../../../../../../Users/rzhang89/Documents/GitHub/19T1_Conquest/Content/StarterContent/Textures/T_TableRound_M.uasset" 483
"../../../../../../Users/rzhang89/Documents/GitHub/19T1_Conquest/Content/StarterContent/Textures/T_TableRound_N.uasset" 484
"../../../../../../Users/rzhang89/Documents/GitHub/19T1_Conquest/Content/StarterContent/Props/Materials/M_TableRound.uasset" 485
"../../../../../../Users/rzhang89/Documents/GitHub/19T1_Conquest/Content/StarterContent/Props/SM_TableRound.uasset" 486
"../../../../../../Users/rzhang89/Documents/GitHub/19T1_Conquest/Content/StarterContent/Maps/Minimal_Default.umap" 487
